app/build/intermediates/manifest_merge_blame_file/debug/manifest-merger-blame-debug-report.txt
1<?xml version="1.0" encoding="utf-8"?>
2<manifest xmlns:android="http://schemas.android.com/apk/res/android"
3    package="com.example.zegovideocall"
4    android:versionCode="1"
5    android:versionName="1.0" >
6
7    <uses-sdk
8        android:minSdkVersion="26"
9        android:targetSdkVersion="34" />
10
11    <uses-permission android:name="android.permission.POST_NOTIFICATIONS" />
11-->[com.github.ZEGOCLOUD:zego_uikit_prebuilt_call_android:3.9.2] AndroidManifest.xml:9:5-77
11-->[com.github.ZEGOCLOUD:zego_uikit_prebuilt_call_android:3.9.2] AndroidManifest.xml:9:22-74
12    <uses-permission android:name="android.permission.REORDER_TASKS" />
12-->[com.github.ZEGOCLOUD:zego_uikit_prebuilt_call_android:3.9.2] AndroidManifest.xml:10:5-72
12-->[com.github.ZEGOCLOUD:zego_uikit_prebuilt_call_android:3.9.2] AndroidManifest.xml:10:22-69
13    <uses-permission android:name="android.permission.VIBRATE" />
13-->[com.github.ZEGOCLOUD:zego_uikit_prebuilt_call_android:3.9.2] AndroidManifest.xml:11:5-66
13-->[com.github.ZEGOCLOUD:zego_uikit_prebuilt_call_android:3.9.2] AndroidManifest.xml:11:22-63
14    <uses-permission android:name="android.permission.SYSTEM_ALERT_WINDOW" />
14-->[com.github.ZEGOCLOUD:zego_uikit_prebuilt_call_android:3.9.2] AndroidManifest.xml:12:5-78
14-->[com.github.ZEGOCLOUD:zego_uikit_prebuilt_call_android:3.9.2] AndroidManifest.xml:12:22-75
15    <uses-permission android:name="android.permission.SYSTEM_OVERLAY_WINDOW" />
15-->[com.github.ZEGOCLOUD:zego_uikit_prebuilt_call_android:3.9.2] AndroidManifest.xml:13:5-80
15-->[com.github.ZEGOCLOUD:zego_uikit_prebuilt_call_android:3.9.2] AndroidManifest.xml:13:22-77
16    <uses-permission android:name="android.permission.READ_PHONE_STATE" />
16-->[com.github.ZEGOCLOUD:zego_uikit_android:3.5.8] AndroidManifest.xml:9:5-75
16-->[com.github.ZEGOCLOUD:zego_uikit_android:3.5.8] AndroidManifest.xml:9:22-72
17    <uses-permission android:name="android.permission.ACCESS_WIFI_STATE" />
17-->[com.github.ZEGOCLOUD:zego_uikit_android:3.5.8] AndroidManifest.xml:10:5-76
17-->[com.github.ZEGOCLOUD:zego_uikit_android:3.5.8] AndroidManifest.xml:10:22-73
18    <uses-permission android:name="android.permission.INTERNET" />
18-->[com.github.ZEGOCLOUD:zego_uikit_android:3.5.8] AndroidManifest.xml:11:5-67
18-->[com.github.ZEGOCLOUD:zego_uikit_android:3.5.8] AndroidManifest.xml:11:22-64
19    <uses-permission android:name="android.permission.ACCESS_NETWORK_STATE" />
19-->[com.github.ZEGOCLOUD:zego_uikit_android:3.5.8] AndroidManifest.xml:12:5-79
19-->[com.github.ZEGOCLOUD:zego_uikit_android:3.5.8] AndroidManifest.xml:12:22-76
20    <uses-permission android:name="android.permission.RECORD_AUDIO" />
20-->[com.github.ZEGOCLOUD:zego_uikit_android:3.5.8] AndroidManifest.xml:13:5-71
20-->[com.github.ZEGOCLOUD:zego_uikit_android:3.5.8] AndroidManifest.xml:13:22-68
21    <uses-permission android:name="android.permission.CAMERA" />
21-->[com.github.ZEGOCLOUD:zego_uikit_android:3.5.8] AndroidManifest.xml:14:5-65
21-->[com.github.ZEGOCLOUD:zego_uikit_android:3.5.8] AndroidManifest.xml:14:22-62
22    <uses-permission android:name="android.permission.BLUETOOTH" />
22-->[com.github.ZEGOCLOUD:zego_uikit_android:3.5.8] AndroidManifest.xml:15:5-68
22-->[com.github.ZEGOCLOUD:zego_uikit_android:3.5.8] AndroidManifest.xml:15:22-65
23    <uses-permission android:name="android.permission.MODIFY_AUDIO_SETTINGS" />
23-->[com.github.ZEGOCLOUD:zego_uikit_android:3.5.8] AndroidManifest.xml:16:5-80
23-->[com.github.ZEGOCLOUD:zego_uikit_android:3.5.8] AndroidManifest.xml:16:22-77
24    <uses-permission android:name="android.permission.WRITE_EXTERNAL_STORAGE" />
24-->[com.github.ZEGOCLOUD:zego_uikit_android:3.5.8] AndroidManifest.xml:17:5-81
24-->[com.github.ZEGOCLOUD:zego_uikit_android:3.5.8] AndroidManifest.xml:17:22-78
25    <uses-permission android:name="android.permission.READ_MEDIA_IMAGES" />
25-->[com.github.ZEGOCLOUD:zego_uikit_android:3.5.8] AndroidManifest.xml:18:5-76
25-->[com.github.ZEGOCLOUD:zego_uikit_android:3.5.8] AndroidManifest.xml:18:22-73
26    <uses-permission android:name="android.permission.READ_MEDIA_AUDIO" />
26-->[com.github.ZEGOCLOUD:zego_uikit_android:3.5.8] AndroidManifest.xml:19:5-75
26-->[com.github.ZEGOCLOUD:zego_uikit_android:3.5.8] AndroidManifest.xml:19:22-72
27    <uses-permission android:name="android.permission.READ_MEDIA_VIDEO" />
27-->[com.github.ZEGOCLOUD:zego_uikit_android:3.5.8] AndroidManifest.xml:20:5-75
27-->[com.github.ZEGOCLOUD:zego_uikit_android:3.5.8] AndroidManifest.xml:20:22-72
28
29    <uses-feature
29-->[com.github.ZEGOCLOUD:zego_uikit_android:3.5.8] AndroidManifest.xml:22:5-24:35
30        android:glEsVersion="0x00020000"
30-->[com.github.ZEGOCLOUD:zego_uikit_android:3.5.8] AndroidManifest.xml:23:9-41
31        android:required="true" />
31-->[com.github.ZEGOCLOUD:zego_uikit_android:3.5.8] AndroidManifest.xml:24:9-32
32    <uses-feature android:name="android.hardware.camera" />
32-->[com.github.ZEGOCLOUD:zego_uikit_android:3.5.8] AndroidManifest.xml:25:5-60
32-->[com.github.ZEGOCLOUD:zego_uikit_android:3.5.8] AndroidManifest.xml:25:19-57
33    <uses-feature android:name="android.hardware.camera.autofocus" />
33-->[com.github.ZEGOCLOUD:zego_uikit_android:3.5.8] AndroidManifest.xml:26:5-70
33-->[com.github.ZEGOCLOUD:zego_uikit_android:3.5.8] AndroidManifest.xml:26:19-67
34
35    <uses-permission android:name="android.permission.READ_EXTERNAL_STORAGE" />
36    <uses-permission android:name="android.permission.GET_TASKS" />
36-->[com.github.ZEGOCLOUD:zego_uikit_signaling_plugin_android:2.9.9] AndroidManifest.xml:11:5-68
36-->[com.github.ZEGOCLOUD:zego_uikit_signaling_plugin_android:2.9.9] AndroidManifest.xml:11:22-65
37    <uses-permission android:name="android.permission.WAKE_LOCK" /> <!-- Required by older versions of Google Play services to create IID tokens -->
37-->[com.google.firebase:firebase-messaging:23.4.0] AndroidManifest.xml:24:5-68
37-->[com.google.firebase:firebase-messaging:23.4.0] AndroidManifest.xml:24:22-65
38    <uses-permission android:name="com.google.android.c2dm.permission.RECEIVE" />
38-->[com.google.firebase:firebase-messaging:23.4.0] AndroidManifest.xml:26:5-82
38-->[com.google.firebase:firebase-messaging:23.4.0] AndroidManifest.xml:26:22-79
39    <uses-permission android:name="com.google.android.providers.gsf.permission.READ_GSERVICES" />
39-->[com.google.android.recaptcha:recaptcha:18.4.0] AndroidManifest.xml:9:5-98
39-->[com.google.android.recaptcha:recaptcha:18.4.0] AndroidManifest.xml:9:22-95
40
41    <permission
41-->[androidx.core:core:1.9.0] AndroidManifest.xml:22:5-24:47
42        android:name="com.example.zegovideocall.DYNAMIC_RECEIVER_NOT_EXPORTED_PERMISSION"
42-->[androidx.core:core:1.9.0] AndroidManifest.xml:23:9-81
43        android:protectionLevel="signature" />
43-->[androidx.core:core:1.9.0] AndroidManifest.xml:24:9-44
44
45    <uses-permission android:name="com.example.zegovideocall.DYNAMIC_RECEIVER_NOT_EXPORTED_PERMISSION" />
45-->[androidx.core:core:1.9.0] AndroidManifest.xml:26:5-97
45-->[androidx.core:core:1.9.0] AndroidManifest.xml:26:22-94
46
47    <application
47-->src\main\AndroidManifest.xml:5:5-27:19
48        android:allowBackup="true"
48-->src\main\AndroidManifest.xml:6:9-35
49        android:appComponentFactory="androidx.core.app.CoreComponentFactory"
49-->[androidx.core:core:1.9.0] AndroidManifest.xml:28:18-86
50        android:dataExtractionRules="@xml/data_extraction_rules"
50-->src\main\AndroidManifest.xml:7:9-65
51        android:debuggable="true"
52        android:extractNativeLibs="false"
53        android:fullBackupContent="@xml/backup_rules"
53-->src\main\AndroidManifest.xml:8:9-54
54        android:icon="@mipmap/ic_launcher"
54-->src\main\AndroidManifest.xml:9:9-43
55        android:label="@string/app_name"
55-->src\main\AndroidManifest.xml:10:9-41
56        android:roundIcon="@mipmap/ic_launcher_round"
56-->src\main\AndroidManifest.xml:11:9-54
57        android:supportsRtl="true"
57-->src\main\AndroidManifest.xml:12:9-35
58        android:testOnly="true"
59        android:theme="@style/Theme.ZegoVideoCall" >
59-->src\main\AndroidManifest.xml:13:9-51
60        <activity
60-->src\main\AndroidManifest.xml:15:9-17:40
61            android:name="com.example.zegovideocall.LoginActivity"
61-->src\main\AndroidManifest.xml:16:13-42
62            android:exported="false" />
62-->src\main\AndroidManifest.xml:17:13-37
63        <activity
63-->src\main\AndroidManifest.xml:18:9-26:20
64            android:name="com.example.zegovideocall.MainActivity"
64-->src\main\AndroidManifest.xml:19:13-41
65            android:exported="true" >
65-->src\main\AndroidManifest.xml:20:13-36
66            <intent-filter>
66-->src\main\AndroidManifest.xml:21:13-25:29
67                <action android:name="android.intent.action.MAIN" />
67-->src\main\AndroidManifest.xml:22:17-69
67-->src\main\AndroidManifest.xml:22:25-66
68
69                <category android:name="android.intent.category.LAUNCHER" />
69-->src\main\AndroidManifest.xml:24:17-77
69-->src\main\AndroidManifest.xml:24:27-74
70            </intent-filter>
71        </activity>
72        <activity
72-->[com.github.ZEGOCLOUD:zego_uikit_prebuilt_call_android:3.9.2] AndroidManifest.xml:16:9-23:66
73            android:name="com.zegocloud.uikit.prebuilt.call.core.invite.ui.CallRouteActivity"
73-->[com.github.ZEGOCLOUD:zego_uikit_prebuilt_call_android:3.9.2] AndroidManifest.xml:17:13-94
74            android:configChanges="screenSize|orientation"
74-->[com.github.ZEGOCLOUD:zego_uikit_prebuilt_call_android:3.9.2] AndroidManifest.xml:18:13-59
75            android:excludeFromRecents="true"
75-->[com.github.ZEGOCLOUD:zego_uikit_prebuilt_call_android:3.9.2] AndroidManifest.xml:19:13-46
76            android:exported="false"
76-->[com.github.ZEGOCLOUD:zego_uikit_prebuilt_call_android:3.9.2] AndroidManifest.xml:20:13-37
77            android:launchMode="singleTask"
77-->[com.github.ZEGOCLOUD:zego_uikit_prebuilt_call_android:3.9.2] AndroidManifest.xml:21:13-44
78            android:taskAffinity=".CallRouteHelperActivity"
78-->[com.github.ZEGOCLOUD:zego_uikit_prebuilt_call_android:3.9.2] AndroidManifest.xml:22:13-60
79            android:theme="@style/Theme.AppCompat.Translucent" />
79-->[com.github.ZEGOCLOUD:zego_uikit_prebuilt_call_android:3.9.2] AndroidManifest.xml:23:13-63
80        <activity
80-->[com.github.ZEGOCLOUD:zego_uikit_prebuilt_call_android:3.9.2] AndroidManifest.xml:24:9-29:58
81            android:name="com.zegocloud.uikit.prebuilt.call.invite.internal.CallInviteActivity"
81-->[com.github.ZEGOCLOUD:zego_uikit_prebuilt_call_android:3.9.2] AndroidManifest.xml:25:13-96
82            android:configChanges="locale|keyboardHidden|fontScale|orientation|screenSize|screenLayout|layoutDirection|density|uiMode"
82-->[com.github.ZEGOCLOUD:zego_uikit_prebuilt_call_android:3.9.2] AndroidManifest.xml:26:13-135
83            android:exported="false"
83-->[com.github.ZEGOCLOUD:zego_uikit_prebuilt_call_android:3.9.2] AndroidManifest.xml:27:13-37
84            android:showOnLockScreen="true"
84-->[com.github.ZEGOCLOUD:zego_uikit_prebuilt_call_android:3.9.2] AndroidManifest.xml:28:13-44
85            android:taskAffinity=".CallInviteActivity" />
85-->[com.github.ZEGOCLOUD:zego_uikit_prebuilt_call_android:3.9.2] AndroidManifest.xml:29:13-55
86
87        <receiver
87-->[com.github.ZEGOCLOUD:zego_uikit_prebuilt_call_android:3.9.2] AndroidManifest.xml:31:9-38:20
88            android:name="com.zegocloud.uikit.prebuilt.call.MyZPNsReceiver"
88-->[com.github.ZEGOCLOUD:zego_uikit_prebuilt_call_android:3.9.2] AndroidManifest.xml:32:13-76
89            android:enabled="true"
89-->[com.github.ZEGOCLOUD:zego_uikit_prebuilt_call_android:3.9.2] AndroidManifest.xml:33:13-35
90            android:exported="true" >
90-->[com.github.ZEGOCLOUD:zego_uikit_prebuilt_call_android:3.9.2] AndroidManifest.xml:34:13-36
91            <intent-filter>
91-->[com.github.ZEGOCLOUD:zego_uikit_prebuilt_call_android:3.9.2] AndroidManifest.xml:35:13-37:29
92                <action android:name="im.zego.zim.zpns.intent.action.MESSAGE" />
92-->[com.github.ZEGOCLOUD:zego_uikit_prebuilt_call_android:3.9.2] AndroidManifest.xml:36:17-81
92-->[com.github.ZEGOCLOUD:zego_uikit_prebuilt_call_android:3.9.2] AndroidManifest.xml:36:25-78
93            </intent-filter>
94        </receiver>
95
96        <provider
96-->[com.github.ZEGOCLOUD:zego_uikit_prebuilt_call_android:3.9.2] AndroidManifest.xml:40:9-43:40
97            android:name="com.zegocloud.uikit.prebuilt.call.core.startup.PrebuiltCallInitializer"
97-->[com.github.ZEGOCLOUD:zego_uikit_prebuilt_call_android:3.9.2] AndroidManifest.xml:41:13-98
98            android:authorities="com.example.zegovideocall.uikit.startup.PrebuiltCallInitializer"
98-->[com.github.ZEGOCLOUD:zego_uikit_prebuilt_call_android:3.9.2] AndroidManifest.xml:42:13-89
99            android:exported="false" />
99-->[com.github.ZEGOCLOUD:zego_uikit_prebuilt_call_android:3.9.2] AndroidManifest.xml:43:13-37
100
101        <receiver
101-->[com.github.ZEGOCLOUD:zego_uikit_signaling_plugin_android:2.9.9] AndroidManifest.xml:14:9-21:20
102            android:name="com.zegocloud.uikit.plugin.signaling.ZegoZPNsReceiver"
102-->[com.github.ZEGOCLOUD:zego_uikit_signaling_plugin_android:2.9.9] AndroidManifest.xml:15:13-81
103            android:enabled="true"
103-->[com.github.ZEGOCLOUD:zego_uikit_signaling_plugin_android:2.9.9] AndroidManifest.xml:16:13-35
104            android:exported="true" >
104-->[com.github.ZEGOCLOUD:zego_uikit_signaling_plugin_android:2.9.9] AndroidManifest.xml:17:13-36
105            <intent-filter>
105-->[com.github.ZEGOCLOUD:zego_uikit_prebuilt_call_android:3.9.2] AndroidManifest.xml:35:13-37:29
106                <action android:name="im.zego.zim.zpns.intent.action.MESSAGE" />
106-->[com.github.ZEGOCLOUD:zego_uikit_prebuilt_call_android:3.9.2] AndroidManifest.xml:36:17-81
106-->[com.github.ZEGOCLOUD:zego_uikit_prebuilt_call_android:3.9.2] AndroidManifest.xml:36:25-78
107            </intent-filter>
108        </receiver>
109
110        <activity
110-->[com.google.firebase:firebase-auth:22.3.1] AndroidManifest.xml:29:9-46:20
111            android:name="com.google.firebase.auth.internal.GenericIdpActivity"
111-->[com.google.firebase:firebase-auth:22.3.1] AndroidManifest.xml:30:13-80
112            android:excludeFromRecents="true"
112-->[com.google.firebase:firebase-auth:22.3.1] AndroidManifest.xml:31:13-46
113            android:exported="true"
113-->[com.google.firebase:firebase-auth:22.3.1] AndroidManifest.xml:32:13-36
114            android:launchMode="singleTask"
114-->[com.google.firebase:firebase-auth:22.3.1] AndroidManifest.xml:33:13-44
115            android:theme="@android:style/Theme.Translucent.NoTitleBar" >
115-->[com.google.firebase:firebase-auth:22.3.1] AndroidManifest.xml:34:13-72
116            <intent-filter>
116-->[com.google.firebase:firebase-auth:22.3.1] AndroidManifest.xml:35:13-45:29
117                <action android:name="android.intent.action.VIEW" />
117-->[com.google.firebase:firebase-auth:22.3.1] AndroidManifest.xml:36:17-69
117-->[com.google.firebase:firebase-auth:22.3.1] AndroidManifest.xml:36:25-66
118
119                <category android:name="android.intent.category.DEFAULT" />
119-->[com.google.firebase:firebase-auth:22.3.1] AndroidManifest.xml:38:17-76
119-->[com.google.firebase:firebase-auth:22.3.1] AndroidManifest.xml:38:27-73
120                <category android:name="android.intent.category.BROWSABLE" />
120-->[com.google.firebase:firebase-auth:22.3.1] AndroidManifest.xml:39:17-78
120-->[com.google.firebase:firebase-auth:22.3.1] AndroidManifest.xml:39:27-75
121
122                <data
122-->[com.google.firebase:firebase-auth:22.3.1] AndroidManifest.xml:41:17-44:51
123                    android:host="firebase.auth"
123-->[com.google.firebase:firebase-auth:22.3.1] AndroidManifest.xml:42:21-49
124                    android:path="/"
124-->[com.google.firebase:firebase-auth:22.3.1] AndroidManifest.xml:43:21-37
125                    android:scheme="genericidp" />
125-->[com.google.firebase:firebase-auth:22.3.1] AndroidManifest.xml:44:21-48
126            </intent-filter>
127        </activity>
128        <activity
128-->[com.google.firebase:firebase-auth:22.3.1] AndroidManifest.xml:47:9-64:20
129            android:name="com.google.firebase.auth.internal.RecaptchaActivity"
129-->[com.google.firebase:firebase-auth:22.3.1] AndroidManifest.xml:48:13-79
130            android:excludeFromRecents="true"
130-->[com.google.firebase:firebase-auth:22.3.1] AndroidManifest.xml:49:13-46
131            android:exported="true"
131-->[com.google.firebase:firebase-auth:22.3.1] AndroidManifest.xml:50:13-36
132            android:launchMode="singleTask"
132-->[com.google.firebase:firebase-auth:22.3.1] AndroidManifest.xml:51:13-44
133            android:theme="@android:style/Theme.Translucent.NoTitleBar" >
133-->[com.google.firebase:firebase-auth:22.3.1] AndroidManifest.xml:52:13-72
134            <intent-filter>
134-->[com.google.firebase:firebase-auth:22.3.1] AndroidManifest.xml:53:13-63:29
135                <action android:name="android.intent.action.VIEW" />
135-->[com.google.firebase:firebase-auth:22.3.1] AndroidManifest.xml:36:17-69
135-->[com.google.firebase:firebase-auth:22.3.1] AndroidManifest.xml:36:25-66
136
137                <category android:name="android.intent.category.DEFAULT" />
137-->[com.google.firebase:firebase-auth:22.3.1] AndroidManifest.xml:38:17-76
137-->[com.google.firebase:firebase-auth:22.3.1] AndroidManifest.xml:38:27-73
138                <category android:name="android.intent.category.BROWSABLE" />
138-->[com.google.firebase:firebase-auth:22.3.1] AndroidManifest.xml:39:17-78
138-->[com.google.firebase:firebase-auth:22.3.1] AndroidManifest.xml:39:27-75
139
140                <data
140-->[com.google.firebase:firebase-auth:22.3.1] AndroidManifest.xml:41:17-44:51
141                    android:host="firebase.auth"
141-->[com.google.firebase:firebase-auth:22.3.1] AndroidManifest.xml:42:21-49
142                    android:path="/"
142-->[com.google.firebase:firebase-auth:22.3.1] AndroidManifest.xml:43:21-37
143                    android:scheme="recaptcha" />
143-->[com.google.firebase:firebase-auth:22.3.1] AndroidManifest.xml:44:21-48
144            </intent-filter>
145        </activity>
146
147        <service
147-->[com.google.firebase:firebase-auth:22.3.1] AndroidManifest.xml:66:9-72:19
148            android:name="com.google.firebase.components.ComponentDiscoveryService"
148-->[com.google.firebase:firebase-auth:22.3.1] AndroidManifest.xml:67:13-84
149            android:directBootAware="true"
149-->[com.google.firebase:firebase-common:20.4.2] AndroidManifest.xml:32:13-43
150            android:exported="false" >
150-->[com.google.firebase:firebase-auth:22.3.1] AndroidManifest.xml:68:13-37
151            <meta-data
151-->[com.google.firebase:firebase-auth:22.3.1] AndroidManifest.xml:69:13-71:85
152                android:name="com.google.firebase.components:com.google.firebase.auth.FirebaseAuthRegistrar"
152-->[com.google.firebase:firebase-auth:22.3.1] AndroidManifest.xml:70:17-109
153                android:value="com.google.firebase.components.ComponentRegistrar" />
153-->[com.google.firebase:firebase-auth:22.3.1] AndroidManifest.xml:71:17-82
154            <meta-data
154-->[com.google.firebase:firebase-database:20.3.0] AndroidManifest.xml:29:13-31:85
155                android:name="com.google.firebase.components:com.google.firebase.database.FirebaseDatabaseKtxRegistrar"
155-->[com.google.firebase:firebase-database:20.3.0] AndroidManifest.xml:30:17-120
156                android:value="com.google.firebase.components.ComponentRegistrar" />
156-->[com.google.firebase:firebase-database:20.3.0] AndroidManifest.xml:31:17-82
157            <meta-data
157-->[com.google.firebase:firebase-database:20.3.0] AndroidManifest.xml:32:13-34:85
158                android:name="com.google.firebase.components:com.google.firebase.database.DatabaseRegistrar"
158-->[com.google.firebase:firebase-database:20.3.0] AndroidManifest.xml:33:17-109
159                android:value="com.google.firebase.components.ComponentRegistrar" />
159-->[com.google.firebase:firebase-database:20.3.0] AndroidManifest.xml:34:17-82
160            <meta-data
160-->[com.google.firebase:firebase-messaging:23.4.0] AndroidManifest.xml:57:13-59:85
161                android:name="com.google.firebase.components:com.google.firebase.messaging.FirebaseMessagingKtxRegistrar"
161-->[com.google.firebase:firebase-messaging:23.4.0] AndroidManifest.xml:58:17-122
162                android:value="com.google.firebase.components.ComponentRegistrar" />
162-->[com.google.firebase:firebase-messaging:23.4.0] AndroidManifest.xml:59:17-82
163            <meta-data
163-->[com.google.firebase:firebase-messaging:23.4.0] AndroidManifest.xml:60:13-62:85
164                android:name="com.google.firebase.components:com.google.firebase.messaging.FirebaseMessagingRegistrar"
164-->[com.google.firebase:firebase-messaging:23.4.0] AndroidManifest.xml:61:17-119
165                android:value="com.google.firebase.components.ComponentRegistrar" />
165-->[com.google.firebase:firebase-messaging:23.4.0] AndroidManifest.xml:62:17-82
166            <meta-data
166-->[com.google.firebase:firebase-datatransport:18.1.7] AndroidManifest.xml:27:13-29:85
167                android:name="com.google.firebase.components:com.google.firebase.datatransport.TransportRegistrar"
167-->[com.google.firebase:firebase-datatransport:18.1.7] AndroidManifest.xml:28:17-115
168                android:value="com.google.firebase.components.ComponentRegistrar" />
168-->[com.google.firebase:firebase-datatransport:18.1.7] AndroidManifest.xml:29:17-82
169            <meta-data
169-->[com.google.firebase:firebase-installations:17.2.0] AndroidManifest.xml:15:13-17:85
170                android:name="com.google.firebase.components:com.google.firebase.installations.FirebaseInstallationsKtxRegistrar"
170-->[com.google.firebase:firebase-installations:17.2.0] AndroidManifest.xml:16:17-130
171                android:value="com.google.firebase.components.ComponentRegistrar" />
171-->[com.google.firebase:firebase-installations:17.2.0] AndroidManifest.xml:17:17-82
172            <meta-data
172-->[com.google.firebase:firebase-installations:17.2.0] AndroidManifest.xml:18:13-20:85
173                android:name="com.google.firebase.components:com.google.firebase.installations.FirebaseInstallationsRegistrar"
173-->[com.google.firebase:firebase-installations:17.2.0] AndroidManifest.xml:19:17-127
174                android:value="com.google.firebase.components.ComponentRegistrar" />
174-->[com.google.firebase:firebase-installations:17.2.0] AndroidManifest.xml:20:17-82
175            <meta-data
175-->[com.google.firebase:firebase-common-ktx:20.4.2] AndroidManifest.xml:12:13-14:85
176                android:name="com.google.firebase.components:com.google.firebase.ktx.FirebaseCommonLegacyRegistrar"
176-->[com.google.firebase:firebase-common-ktx:20.4.2] AndroidManifest.xml:13:17-116
177                android:value="com.google.firebase.components.ComponentRegistrar" />
177-->[com.google.firebase:firebase-common-ktx:20.4.2] AndroidManifest.xml:14:17-82
178            <meta-data
178-->[com.google.firebase:firebase-common:20.4.2] AndroidManifest.xml:35:13-37:85
179                android:name="com.google.firebase.components:com.google.firebase.FirebaseCommonKtxRegistrar"
179-->[com.google.firebase:firebase-common:20.4.2] AndroidManifest.xml:36:17-109
180                android:value="com.google.firebase.components.ComponentRegistrar" />
180-->[com.google.firebase:firebase-common:20.4.2] AndroidManifest.xml:37:17-82
181        </service>
182
183        <receiver
183-->[com.google.firebase:firebase-messaging:23.4.0] AndroidManifest.xml:29:9-40:20
184            android:name="com.google.firebase.iid.FirebaseInstanceIdReceiver"
184-->[com.google.firebase:firebase-messaging:23.4.0] AndroidManifest.xml:30:13-78
185            android:exported="true"
185-->[com.google.firebase:firebase-messaging:23.4.0] AndroidManifest.xml:31:13-36
186            android:permission="com.google.android.c2dm.permission.SEND" >
186-->[com.google.firebase:firebase-messaging:23.4.0] AndroidManifest.xml:32:13-73
187            <intent-filter>
187-->[com.google.firebase:firebase-messaging:23.4.0] AndroidManifest.xml:33:13-35:29
188                <action android:name="com.google.android.c2dm.intent.RECEIVE" />
188-->[com.google.firebase:firebase-messaging:23.4.0] AndroidManifest.xml:34:17-81
188-->[com.google.firebase:firebase-messaging:23.4.0] AndroidManifest.xml:34:25-78
189            </intent-filter>
190
191            <meta-data
191-->[com.google.firebase:firebase-messaging:23.4.0] AndroidManifest.xml:37:13-39:40
192                android:name="com.google.android.gms.cloudmessaging.FINISHED_AFTER_HANDLED"
192-->[com.google.firebase:firebase-messaging:23.4.0] AndroidManifest.xml:38:17-92
193                android:value="true" />
193-->[com.google.firebase:firebase-messaging:23.4.0] AndroidManifest.xml:39:17-37
194        </receiver>
195        <!--
196             FirebaseMessagingService performs security checks at runtime,
197             but set to not exported to explicitly avoid allowing another app to call it.
198        -->
199        <service
199-->[com.google.firebase:firebase-messaging:23.4.0] AndroidManifest.xml:46:9-53:19
200            android:name="com.google.firebase.messaging.FirebaseMessagingService"
200-->[com.google.firebase:firebase-messaging:23.4.0] AndroidManifest.xml:47:13-82
201            android:directBootAware="true"
201-->[com.google.firebase:firebase-messaging:23.4.0] AndroidManifest.xml:48:13-43
202            android:exported="false" >
202-->[com.google.firebase:firebase-messaging:23.4.0] AndroidManifest.xml:49:13-37
203            <intent-filter android:priority="-500" >
203-->[com.google.firebase:firebase-messaging:23.4.0] AndroidManifest.xml:50:13-52:29
203-->[com.google.firebase:firebase-messaging:23.4.0] AndroidManifest.xml:50:28-51
204                <action android:name="com.google.firebase.MESSAGING_EVENT" />
204-->[com.google.firebase:firebase-messaging:23.4.0] AndroidManifest.xml:51:17-78
204-->[com.google.firebase:firebase-messaging:23.4.0] AndroidManifest.xml:51:25-75
205            </intent-filter>
206        </service>
207        <service
207-->[com.google.android.datatransport:transport-backend-cct:3.1.8] AndroidManifest.xml:28:9-34:19
208            android:name="com.google.android.datatransport.runtime.backends.TransportBackendDiscovery"
208-->[com.google.android.datatransport:transport-backend-cct:3.1.8] AndroidManifest.xml:29:13-103
209            android:exported="false" >
209-->[com.google.android.datatransport:transport-backend-cct:3.1.8] AndroidManifest.xml:30:13-37
210            <meta-data
210-->[com.google.android.datatransport:transport-backend-cct:3.1.8] AndroidManifest.xml:31:13-33:39
211                android:name="backend:com.google.android.datatransport.cct.CctBackendFactory"
211-->[com.google.android.datatransport:transport-backend-cct:3.1.8] AndroidManifest.xml:32:17-94
212                android:value="cct" />
212-->[com.google.android.datatransport:transport-backend-cct:3.1.8] AndroidManifest.xml:33:17-36
213        </service>
214        <service
214-->[com.google.android.datatransport:transport-runtime:3.1.8] AndroidManifest.xml:26:9-30:19
215            android:name="com.google.android.datatransport.runtime.scheduling.jobscheduling.JobInfoSchedulerService"
215-->[com.google.android.datatransport:transport-runtime:3.1.8] AndroidManifest.xml:27:13-117
216            android:exported="false"
216-->[com.google.android.datatransport:transport-runtime:3.1.8] AndroidManifest.xml:28:13-37
217            android:permission="android.permission.BIND_JOB_SERVICE" >
217-->[com.google.android.datatransport:transport-runtime:3.1.8] AndroidManifest.xml:29:13-69
218        </service>
219
220        <receiver
220-->[com.google.android.datatransport:transport-runtime:3.1.8] AndroidManifest.xml:32:9-34:40
221            android:name="com.google.android.datatransport.runtime.scheduling.jobscheduling.AlarmManagerSchedulerBroadcastReceiver"
221-->[com.google.android.datatransport:transport-runtime:3.1.8] AndroidManifest.xml:33:13-132
222            android:exported="false" />
222-->[com.google.android.datatransport:transport-runtime:3.1.8] AndroidManifest.xml:34:13-37
223
224        <provider
224-->[com.google.firebase:firebase-common:20.4.2] AndroidManifest.xml:23:9-28:39
225            android:name="com.google.firebase.provider.FirebaseInitProvider"
225-->[com.google.firebase:firebase-common:20.4.2] AndroidManifest.xml:24:13-77
226            android:authorities="com.example.zegovideocall.firebaseinitprovider"
226-->[com.google.firebase:firebase-common:20.4.2] AndroidManifest.xml:25:13-72
227            android:directBootAware="true"
227-->[com.google.firebase:firebase-common:20.4.2] AndroidManifest.xml:26:13-43
228            android:exported="false"
228-->[com.google.firebase:firebase-common:20.4.2] AndroidManifest.xml:27:13-37
229            android:initOrder="100" />
229-->[com.google.firebase:firebase-common:20.4.2] AndroidManifest.xml:28:13-36
230
231        <activity
231-->[com.google.android.gms:play-services-base:18.1.0] AndroidManifest.xml:20:9-22:45
232            android:name="com.google.android.gms.common.api.GoogleApiActivity"
232-->[com.google.android.gms:play-services-base:18.1.0] AndroidManifest.xml:20:19-85
233            android:exported="false"
233-->[com.google.android.gms:play-services-base:18.1.0] AndroidManifest.xml:22:19-43
234            android:theme="@android:style/Theme.Translucent.NoTitleBar" />
234-->[com.google.android.gms:play-services-base:18.1.0] AndroidManifest.xml:21:19-78
235
236        <provider
236-->[androidx.emoji2:emoji2:1.2.0] AndroidManifest.xml:24:9-32:20